0 info it worked if it ends with ok
1 verbose cli [ 'C:\\Program Files\\nodejs\\node.exe',
1 verbose cli   'C:\\Program Files\\nodejs\\node_modules\\npm\\bin\\npm-cli.js',
1 verbose cli   'run',
1 verbose cli   'webpack' ]
2 info using npm@3.10.10
3 info using node@v6.10.3
4 verbose run-script [ 'prewebpack', 'webpack', 'postwebpack' ]
5 info lifecycle qix@1.0.0~prewebpack: qix@1.0.0
6 silly lifecycle qix@1.0.0~prewebpack: no script for prewebpack, continuing
7 info lifecycle qix@1.0.0~webpack: qix@1.0.0
8 verbose lifecycle qix@1.0.0~webpack: unsafe-perm in lifecycle true
9 verbose lifecycle qix@1.0.0~webpack: PATH: C:\Program Files\nodejs\node_modules\npm\bin\node-gyp-bin;C:\Users\Cory\Desktop\Qix\node_modules\.bin;C:\Python27\;C:\Python27\Scripts;C:\WINDOWS\system32;C:\WINDOWS;C:\WINDOWS\System32\Wbem;C:\WINDOWS\System32\WindowsPowerShell\v1.0\;C:\Program Files (x86)\Intel\OpenCL SDK\2.0\bin\x86;C:\Program Files (x86)\Intel\OpenCL SDK\2.0\bin\x64;C:\Program Files\Git\cmd;C:\HashiCorp\Vagrant\bin;C:\Program Files\MySQL\MySQL Utilities 1.6\;C:\Program Files\nodejs\;C:\Program Files\PostgreSQL\9.6\bin;C:\Ruby23\bin;C:\Ruby23\lib\ruby\gems\2.3.0\gems\sqlite3-1.3.9-x86-mingw32\lib\sqlite3\2.0\sqlite3_native.so;C:\Ruby23\lib\ruby\gems\2.3.0\gems\bcrypt-3.1.11-x86-mingw32\ext\mri;C:\Ruby23\lib\ruby\gems\2.3.0\gems\bcrypt-3.1.11-x86-mingw32\lib\2.2;C:\Ruby23\lib\ruby\gems\2.3.0\gems\bcrypt-3.1.10-x86-mingw32\lib;C:\Ruby23\lib\ruby\gems\2.3.0\gems\bcrypt-3.1.11\lib;C:\Users\Cory\AppData\Roaming\npm\;C:\Program Files (x86)\Heroku\bin;C:\Ruby23\bin;C:\Users\Cory\AppData\Local\Microsoft\WindowsApps;C:\Users\Cory\AppData\Roaming\npm;C:\Users\Cory\AppData\Local\atom\bin;C:\Program Files\PostgreSQL\9.6\bin;C:\Ruby23\bin;C:\Users\Cory\AppData\Roaming\npm\;C:\Program Files (x86)\Heroku\bin
10 verbose lifecycle qix@1.0.0~webpack: CWD: C:\Users\Cory\Desktop\Qix
11 silly lifecycle qix@1.0.0~webpack: Args: [ '/d /s /c', 'webpack --watch' ]
12 verbose stack Error: kill ENOSYS
12 verbose stack     at exports._errnoException (util.js:1018:11)
12 verbose stack     at process.kill (internal/process.js:190:13)
12 verbose stack     at process.listener (C:\Program Files\nodejs\node_modules\npm\node_modules\npmlog\node_modules\gauge\node_modules\signal-exit\index.js:86:15)
12 verbose stack     at emitNone (events.js:91:20)
12 verbose stack     at process.emit (events.js:185:7)
12 verbose stack     at processEmit (C:\Program Files\nodejs\node_modules\npm\node_modules\npmlog\node_modules\gauge\node_modules\signal-exit\index.js:146:32)
12 verbose stack     at processEmit (C:\Program Files\nodejs\node_modules\npm\node_modules\npm-registry-client\node_modules\npmlog\node_modules\gauge\node_modules\signal-exit\index.js:146:32)
12 verbose stack     at Signal.wrap.onsignal (internal/process.js:217:44)
13 verbose cwd C:\Users\Cory\Desktop\Qix
14 error Windows_NT 10.0.15063
15 error argv "C:\\Program Files\\nodejs\\node.exe" "C:\\Program Files\\nodejs\\node_modules\\npm\\bin\\npm-cli.js" "run" "webpack"
16 error node v6.10.3
17 error npm  v3.10.10
18 error code ENOSYS
19 error errno ENOSYS
20 error syscall kill
21 error kill ENOSYS
22 error If you need help, you may report this error at:
22 error     <https://github.com/npm/npm/issues>
23 verbose exit [ 1, true ]
